15:02:52.511 [main] INFO  org.testng.annotations.Test - ****** finished TC_015 Loan Tenure Month Button ******
15:02:53.315 [main] INFO  org.testng.annotations.Test - ****** Starting TC_016 Loan Charges Input Field ******
15:02:53.316 [main] INFO  org.testng.annotations.Test - Entering data into Loan Charges Input Field
15:02:57.719 [main] INFO  org.testng.annotations.Test - ****** finished TC_016 Loan Charges Input Field ******
15:02:57.995 [main] INFO  org.testng.annotations.Test - ****** Starting TC_017 Loan Charges Rupees Button ******
15:02:57.996 [main] INFO  org.testng.annotations.Test - Clicking on the Loan Charges Rupees Button
15:02:58.319 [main] INFO  org.testng.annotations.Test - ****** finished TC_017 Loan Charges Rupees Button ******
15:02:58.597 [main] INFO  org.testng.annotations.Test - ****** Starting TC_018 Loan Start Month And Year Input Field ******
15:02:58.597 [main] INFO  org.testng.annotations.Test - Clicking on Loan Start Month and Year Input Field
15:02:58.841 [main] INFO  org.testng.annotations.Test - ****** finished TC_018 Loan Start Month And Year Input Field******
15:02:59.727 [main] INFO  org.testng.annotations.Test - ****** Starting TC_019 Loan Start Month And Year Input Field ******
15:02:59.727 [main] INFO  org.testng.annotations.Test - Entering data into Loan Start Month and Year Input Field
15:03:01.023 [main] INFO  org.testng.annotations.Test - ****** finished TC_019 Loan Start Month And Year Input Field ******
15:03:01.870 [main] INFO  org.testng.annotations.Test - ****** Starting TC_020 One Time Expenses Input Field ******
15:03:01.870 [main] INFO  org.testng.annotations.Test - Entering data into One Time Expenses Input Field
15:03:02.160 [main] INFO  org.testng.annotations.Test - ****** finished TC_020 One Time Expenses Input Field ******
15:03:02.463 [main] INFO  org.testng.annotations.Test - ****** Starting TC_021 One Time Expenses Rupees Button ******
15:03:02.463 [main] INFO  org.testng.annotations.Test - Clicking on One Time Expenses Button
15:03:05.771 [main] INFO  org.testng.annotations.Test - ****** finished TC_021 One Time Expenses Rupees Button ******
15:03:06.482 [main] INFO  org.testng.annotations.Test - ****** Starting TC_022 Property Tax Input Field ******
15:03:06.792 [main] INFO  org.testng.annotations.Test - ****** finished TC_022 Property Tax Input Field ******
15:03:07.091 [main] INFO  org.testng.annotations.Test - ****** Starting TC_023 Property Tax Rupees Button ******
15:03:07.092 [main] INFO  org.testng.annotations.Test - Clicking on Property Tax Rupees button
15:03:10.416 [main] INFO  org.testng.annotations.Test - ****** finished TC_023 Property Tax Rupees Button ******
15:03:11.241 [main] INFO  org.testng.annotations.Test - ****** Starting TC_024 Home Insurance Input Field ******
15:03:11.241 [main] INFO  org.testng.annotations.Test - Entering Data into Home Insurance Input Field 
15:03:11.588 [main] INFO  org.testng.annotations.Test - ****** finished TC_024 Home Insurance Input Field ******
15:03:11.950 [main] INFO  org.testng.annotations.Test - ****** Starting TC_025 Home Insurance Rupees Button ******
15:03:11.950 [main] INFO  org.testng.annotations.Test - Clicking on Home Insurance Rupees Button
15:03:15.973 [main] INFO  org.testng.annotations.Test - ****** Starting TC_026 Maintenance Expenses Input Field ******
15:03:15.973 [main] INFO  org.testng.annotations.Test - Entering Data into Maintenance Expenses Input Field 
15:03:16.209 [main] INFO  org.testng.annotations.Test - ****** finished TC_026 Maintenance Expenses Input Field ******
15:03:16.501 [main] INFO  org.testng.annotations.Test - ****** Starting TC_027 Reading Data from table ******
