23:30:14.466 [main] INFO  org.testng.annotations.Test - ****** finished TC_034 EMI Calculator Interest Rate Input Field  ******
23:30:14.757 [main] INFO  org.testng.annotations.Test - ****** Starting TC_035 EMI Calculator Loan Tenure Input Field ******
23:30:14.813 [main] INFO  org.testng.annotations.Test - ****** finished TC_035 EMI Calculator Loan Tenure Input Field  ******
23:30:15.229 [main] INFO  org.testng.annotations.Test - ****** Starting TC_036 EMI Calculator Loan Tenure Input Field ******
23:30:15.784 [main] INFO  org.testng.annotations.Test - ****** finished TC_036 EMI Calculator Loan Tenure Input Field  ******
23:30:16.072 [main] INFO  org.testng.annotations.Test - ****** Starting TC_037 EMI Calculator Loan Tenure Month Button ******
23:30:16.247 [main] INFO  org.testng.annotations.Test - Clicking on EMI Calculator Loan Tenure Month Button 
23:30:19.624 [main] INFO  org.testng.annotations.Test - ****** finished TC_037 EMI Calculator Loan Tenure Month Button ******
23:30:19.908 [main] INFO  org.testng.annotations.Test - ****** Starting TC_038 EMI Calculator Loan Charges Input Field ******
23:30:19.959 [main] INFO  org.testng.annotations.Test - ****** finished TC_038 EMI Calculator Loan Charges Input Field  ******
23:30:20.319 [main] INFO  org.testng.annotations.Test - ****** Starting TC_039 EMI Calculator Loan Charges Input Field ******
23:30:20.928 [main] INFO  org.testng.annotations.Test - ****** finished TC_039 EMI Calculator Loan Charges Input Field  ******
23:30:21.182 [main] INFO  org.testng.annotations.Test - ****** Starting TC_040 Loan Amount Calculator Link ******
23:30:21.531 [main] INFO  org.testng.annotations.Test - ****** finished TC_040 Loan Amount Calculator Link  ******
23:30:21.804 [main] INFO  org.testng.annotations.Test - ****** Starting TC_041 Loan Amount EMI Input Field ******
23:30:21.864 [main] INFO  org.testng.annotations.Test - ****** finished TC_041 Loan Amount EMI Input Field ******
23:30:22.237 [main] INFO  org.testng.annotations.Test - ****** Starting TC_042 Loan Amount EMI Input Field ******
23:30:22.758 [main] INFO  org.testng.annotations.Test - ****** finished TC_042 Loan Amount EMI Input Field ******
23:30:22.988 [main] INFO  org.testng.annotations.Test - ****** Starting TC_043 Loan Amount Interest Rate Input Field ******
23:30:23.030 [main] INFO  org.testng.annotations.Test - ****** finished TC_043 Loan Amount Interest Rate Input Field ******
23:30:23.453 [main] INFO  org.testng.annotations.Test - ****** Starting TC_044 Loan Amount Interest Rate Input Field ******
23:30:24.277 [main] INFO  org.testng.annotations.Test - ****** finished TC_044 Loan Amount Interest Rate Input Field ******
23:30:24.535 [main] INFO  org.testng.annotations.Test - ****** Starting TC_045 Loan Amount Tenure Input Field ******
23:30:24.594 [main] INFO  org.testng.annotations.Test - ****** finished TC_045 Loan Amount Tenure Input Field ******
23:30:25.044 [main] INFO  org.testng.annotations.Test - ****** Starting TC_046 Loan Amount Tenure Input Field ******
23:30:25.676 [main] INFO  org.testng.annotations.Test - ****** finished TC_046 Loan Amount Tenure Input Field ******
23:30:25.931 [main] INFO  org.testng.annotations.Test - ****** Starting TC_047 Loan Amount Tenure Month Button ******
23:30:29.393 [main] INFO  org.testng.annotations.Test - ****** finished TC_047 Loan Amount Tenure Month Button ******
23:30:29.616 [main] INFO  org.testng.annotations.Test - ****** Starting TC_048 Loan Amount Loan Charges Input Field ******
23:30:29.657 [main] INFO  org.testng.annotations.Test - ****** finished TC_048 Loan Amount Loan Charges Input Field ******
23:30:30.015 [main] INFO  org.testng.annotations.Test - ****** Starting TC_049 Loan Amount Loan Charges Input Field ******
23:30:30.577 [main] INFO  org.testng.annotations.Test - ****** finished TC_049 Loan Amount Loan Charges Input Field ******
23:30:30.848 [main] INFO  org.testng.annotations.Test - ****** Starting TC_050 Loan Tenure Calculator Link ******
23:30:31.142 [main] INFO  org.testng.annotations.Test - ****** finished TC_048 Loan Tenure Calculator Link ******
23:30:31.378 [main] INFO  org.testng.annotations.Test - ****** Starting TC_051 Loan Tenure Loan Amount Input Field ******
23:30:31.426 [main] INFO  org.testng.annotations.Test - ****** finished TC_051 Loan Tenure Loan Amount Input Field ******
23:30:31.806 [main] INFO  org.testng.annotations.Test - ****** Starting TC_052 Loan Tenure Loan Amount Input Field ******
23:30:32.561 [main] INFO  org.testng.annotations.Test - ****** finished TC_052 Loan Tenure Loan Amount Input Field ******
23:30:32.815 [main] INFO  org.testng.annotations.Test - ****** Starting TC_053 Loan Tenure EMI Input Field ******
23:30:32.877 [main] INFO  org.testng.annotations.Test - ****** finished TC_053 Loan Tenure EMI Input Field ******
23:30:33.134 [main] INFO  org.testng.annotations.Test - ****** Starting TC_054 Loan Tenure Interest Rate Input Field ******
23:30:33.196 [main] INFO  org.testng.annotations.Test - ****** finished TC_054 Loan Tenure Interest Rate Input Field ******
